<?xml version="1.0" encoding="UTF-8"?>
<testng-results skipped="0" failed="0" ignored="0" total="2" passed="2">
  <reporter-output>
  </reporter-output>
  <suite name="Default suite" duration-ms="1610" started-at="2020-06-08T17:59:19 IST" finished-at="2020-06-08T17:59:21 IST">
    <groups>
    </groups>
    <test name="Default test" duration-ms="1610" started-at="2020-06-08T17:59:19 IST" finished-at="2020-06-08T17:59:21 IST">
      <class name="getRequest.GetData">
        <test-method status="PASS" signature="testresponsecode()[pri:1, instance:getRequest.GetData@63e2203c]" name="testresponsecode" duration-ms="1409" started-at="2020-06-08T17:59:19 IST" finished-at="2020-06-08T17:59:21 IST">
          <reporter-output>
          </reporter-output>
        </test-method> <!-- testresponsecode -->
        <test-method status="PASS" signature="testbody()[pri:2, instance:getRequest.GetData@63e2203c]" name="testbody" duration-ms="171" started-at="2020-06-08T17:59:21 IST" finished-at="2020-06-08T17:59:21 IST">
          <reporter-output>
          </reporter-output>
        </test-method> <!-- testbody -->
      </class> <!-- getRequest.GetData -->
    </test> <!-- Default test -->
  </suite> <!-- Default suite -->
</testng-results>
